<?xml version="1.0" encoding="UTF-8"?>
<!-- Generated by org.testng.reporters.JUnitReportReporter -->
<testsuite hostname="DESKTOP-5I8QE3D" failures="0" tests="9" name="tatacliq.tatacliq" time="69.394" errors="0" timestamp="28 Nov 2022 07:54:11 GMT">
  <testcase classname="tatacliq.tatacliq" name="test_case_2" time="12.610"/>
  <testcase classname="tatacliq.tatacliq" name="test_case_1" time="1.709"/>
  <testcase classname="tatacliq.tatacliq" name="test_case_9" time="4.157"/>
  <testcase classname="tatacliq.tatacliq" name="test_case_4" time="6.515"/>
  <testcase classname="tatacliq.tatacliq" name="test_case_5" time="7.906"/>
  <testcase classname="tatacliq.tatacliq" name="test_case_6" time="9.054"/>
  <testcase classname="tatacliq.tatacliq" name="test_case_7" time="21.154"/>
  <testcase classname="tatacliq.tatacliq" name="test_case_3" time="5.902"/>
  <testcase classname="tatacliq.tatacliq" name="test_case_8" time="0.387"/>
</testsuite> <!-- tatacliq.tatacliq -->
