<?xml version="1.0" encoding="UTF-8"?>
<!-- Generated by org.testng.reporters.JUnitReportReporter -->
<testsuite hostname="DESKTOP-5I8QE3D" failures="0" tests="9" name="tatacliq.tatacliq" time="76.151" errors="0" timestamp="28 Nov 2022 08:13:15 GMT">
  <testcase classname="tatacliq.tatacliq" name="test_case_2" time="12.340"/>
  <testcase classname="tatacliq.tatacliq" name="test_case_3" time="7.179"/>
  <testcase classname="tatacliq.tatacliq" name="test_case_6" time="9.203"/>
  <testcase classname="tatacliq.tatacliq" name="test_case_5" time="7.492"/>
  <testcase classname="tatacliq.tatacliq" name="test_case_4" time="6.819"/>
  <testcase classname="tatacliq.tatacliq" name="test_case_8" time="0.607"/>
  <testcase classname="tatacliq.tatacliq" name="test_case_7" time="27.282"/>
  <testcase classname="tatacliq.tatacliq" name="test_case_1" time="1.155"/>
  <testcase classname="tatacliq.tatacliq" name="test_case_9" time="4.074"/>
</testsuite> <!-- tatacliq.tatacliq -->
